<?xml version="1.0" encoding="UTF-8"?>
<!-- Generated by org.testng.reporters.JUnitReportReporter -->
<testsuite hostname="CDC2-L-9B7RHG3" failures="0" tests="1" name="apiChaining.CreateUser" time="3.364" errors="0" timestamp="2023-12-08T18:39:15 IST" skipped="0">
  <testcase classname="apiChaining.CreateUser" name="createUser" time="3.364"/>
  <system-out/>
</testsuite> <!-- apiChaining.CreateUser -->
