<?xml version="1.0" encoding="UTF-8"?>
<!-- Generated by org.testng.reporters.JUnitReportReporter -->
<testsuite hostname="CDC2-L-9B7RHG3" failures="0" tests="1" name="tests.PathQueryParameter" time="5.608" errors="0" timestamp="2023-12-07T14:55:39 IST" skipped="0">
  <testcase classname="tests.PathQueryParameter" name="getCall1" time="5.608"/>
  <system-out/>
</testsuite> <!-- tests.PathQueryParameter -->
