<?xml version="1.0" encoding="UTF-8"?>
<!-- Generated by org.testng.reporters.JUnitReportReporter -->
<testsuite hostname="CDC2-L-9B7RHG3" failures="0" tests="1" name="tests.XmlResponseValidation" time="3.402" errors="0" timestamp="2023-12-07T20:14:44 IST" skipped="0">
  <testcase classname="tests.XmlResponseValidation" name="validationWithinThen" time="3.402"/>
  <system-out/>
</testsuite> <!-- tests.XmlResponseValidation -->
