<?xml version="1.0" encoding="UTF-8"?>
<!-- Generated by org.testng.reporters.JUnitReportReporter -->
<testsuite hostname="CDC2-L-9B7RHG3" failures="0" tests="1" name="tests.JsonResponseValidation" time="4.792" errors="0" timestamp="2023-12-07T17:45:48 IST" skipped="0">
  <testcase classname="tests.JsonResponseValidation" name="validationBodyArray" time="4.792"/>
  <system-out/>
</testsuite> <!-- tests.JsonResponseValidation -->
