<?xml version="1.0" encoding="UTF-8"?>
<!-- Generated by org.testng.reporters.JUnitReportReporter -->
<testsuite hostname="CDC2-L-9B7RHG3" failures="0" tests="4" name="tests.FirstTest" time="4.431" errors="0" timestamp="2023-12-06T20:12:17 IST" skipped="0">
  <testcase classname="tests.FirstTest" name="getMethod1" time="0.230"/>
  <system-out/>
  <testcase classname="tests.FirstTest" name="deleteMethod1" time="0.519"/>
  <system-out/>
  <testcase classname="tests.FirstTest" name="postCallSample1" time="3.049"/>
  <system-out/>
  <testcase classname="tests.FirstTest" name="putMethod1" time="0.633"/>
  <system-out/>
</testsuite> <!-- tests.FirstTest -->
