<?xml version="1.0" encoding="UTF-8"?>
<!-- Generated by org.testng.reporters.JUnitReportReporter -->
<testsuite hostname="CDC2-L-9B7RHG3" failures="0" tests="1" name="tests.AuthenticationMethods" time="2.314" errors="0" timestamp="2023-12-08T18:06:24 IST" skipped="0">
  <testcase classname="tests.AuthenticationMethods" name="bearerTokenMethod" time="2.314"/>
  <system-out/>
</testsuite> <!-- tests.AuthenticationMethods -->
