<?xml version="1.0" encoding="UTF-8"?>
<!-- Generated by org.testng.reporters.JUnitReportReporter -->
<testsuite hostname="CDC2-L-9B7RHG3" failures="0" tests="1" name="tests.FlowSample" time="3.787" errors="0" timestamp="2023-12-06T18:35:26 IST" skipped="0">
  <testcase classname="tests.FlowSample" name="postmethod1" time="3.787"/>
  <system-out/>
</testsuite> <!-- tests.FlowSample -->
