<?xml version="1.0" encoding="UTF-8"?>
<!-- Generated by org.testng.reporters.JUnitReportReporter -->
<testsuite hostname="CDC2-L-9B7RHG3" failures="0" tests="1" name="tests.SchemaValidation" time="2.601" errors="0" timestamp="2023-12-07T20:20:17 IST" skipped="0">
  <testcase classname="tests.SchemaValidation" name="xmlSchemaValidation" time="2.601"/>
  <system-out/>
</testsuite> <!-- tests.SchemaValidation -->
